<?xml version="1.0" encoding="UTF-8"?>
<!-- Generated by org.testng.reporters.JUnitXMLReporter -->
<testsuite ignored="0" hostname="manosikannan" failures="0" tests="3" name="Test(failed)" time="17.768" errors="0" timestamp="2024-08-18T20:01:02 EDT">
  <testcase classname="testCases.TC001_AccountRegistrationTest" name="verify_account_registration" time="2.37"/>
  <testcase classname="testCases.TC002_LoginTest" name="verify_login" time="1.681"/>
  <testcase classname="testCases.TC002_LoginTest" name="verify_login" time="5.755"/>
</testsuite> <!-- Test(failed) -->
