<?xml version="1.0" encoding="UTF-8"?>
<!-- Generated by org.testng.reporters.JUnitXMLReporter -->
<testsuite ignored="1" hostname="manosikannan" failures="0" tests="2" name="Test" time="15.604" errors="0" timestamp="2024-08-18T11:49:42 EDT">
  <testcase classname="testCases.TC002_LoginTest" name="verify_login" time="2.139"/>
  <testcase classname="testCases.TC002_LoginTest" name="verify_login" time="6.059"/>
  <testcase classname="testCases.TC001_AccountRegistrationTest" name="verify_account_registration" time="0.0">
    <ignored/>
  </testcase> <!-- verify_account_registration -->
</testsuite> <!-- Test -->
