<?xml version="1.0" encoding="UTF-8"?>
<testng-results ignored="0" total="3" passed="3" failed="0" skipped="0">
  <reporter-output>
  </reporter-output>
  <suite started-at="2024-08-19T11:11:11 EDT" name="Master" finished-at="2024-08-19T11:11:42 EDT" duration-ms="30275">
    <groups>
      <group name="Master">
        <method signature="TC001_AccountRegistrationTest.verify_account_registration()[pri:0, instance:testCases.TC001_AccountRegistrationTest@616fe72b]" name="verify_account_registration" class="testCases.TC001_AccountRegistrationTest"/>
        <method signature="TC002_LoginTest.verify_login(java.lang.String,java.lang.String,java.lang.String)[pri:0, instance:testCases.TC002_LoginTest@7e5d9a50]" name="verify_login" class="testCases.TC002_LoginTest"/>
      </group> <!-- Master -->
      <group name="Sanity">
        <method signature="TC001_AccountRegistrationTest.verify_account_registration()[pri:0, instance:testCases.TC001_AccountRegistrationTest@616fe72b]" name="verify_account_registration" class="testCases.TC001_AccountRegistrationTest"/>
      </group> <!-- Sanity -->
      <group name="DataDriven">
        <method signature="TC002_LoginTest.verify_login(java.lang.String,java.lang.String,java.lang.String)[pri:0, instance:testCases.TC002_LoginTest@7e5d9a50]" name="verify_login" class="testCases.TC002_LoginTest"/>
      </group> <!-- DataDriven -->
    </groups>
    <test started-at="2024-08-19T11:11:11 EDT" name="Test" finished-at="2024-08-19T11:11:42 EDT" duration-ms="30275">
      <class name="testCases.TC002_LoginTest">
        <test-method is-config="true" signature="setup(java.lang.String,java.lang.String)[pri:0, instance:testCases.TC002_LoginTest@7e5d9a50]" started-at="2024-08-19T11:11:22 EDT" name="setup" finished-at="2024-08-19T11:11:26 EDT" duration-ms="4257" status="PASS">
          <params>
            <param index="0">
              <value>
                <![CDATA[Windows]]>
              </value>
            </param>
            <param index="1">
              <value>
                <![CDATA[chrome]]>
              </value>
            </param>
          </params>
          <reporter-output>
          </reporter-output>
        </test-method> <!-- setup -->
        <test-method signature="verify_login(java.lang.String,java.lang.String,java.lang.String)[pri:0, instance:testCases.TC002_LoginTest@7e5d9a50]" started-at="2024-08-19T11:11:27 EDT" name="verify_login" data-provider="LoginData" finished-at="2024-08-19T11:11:34 EDT" duration-ms="6777" status="PASS">
          <params>
            <param index="0">
              <value>
                <![CDATA[peterparker@gmail.com]]>
              </value>
            </param>
            <param index="1">
              <value>
                <![CDATA[123456789]]>
              </value>
            </param>
            <param index="2">
              <value>
                <![CDATA[invalid]]>
              </value>
            </param>
          </params>
          <reporter-output>
          </reporter-output>
        </test-method> <!-- verify_login -->
        <test-method signature="verify_login(java.lang.String,java.lang.String,java.lang.String)[pri:0, instance:testCases.TC002_LoginTest@7e5d9a50]" started-at="2024-08-19T11:11:34 EDT" name="verify_login" data-provider="LoginData" finished-at="2024-08-19T11:11:41 EDT" duration-ms="7041" status="PASS">
          <params>
            <param index="0">
              <value>
                <![CDATA[peter.parker@gmail.com]]>
              </value>
            </param>
            <param index="1">
              <value>
                <![CDATA[123456789]]>
              </value>
            </param>
            <param index="2">
              <value>
                <![CDATA[invalid]]>
              </value>
            </param>
          </params>
          <reporter-output>
          </reporter-output>
        </test-method> <!-- verify_login -->
        <test-method is-config="true" signature="tearDown()[pri:0, instance:testCases.TC002_LoginTest@7e5d9a50]" started-at="2024-08-19T11:11:41 EDT" name="tearDown" finished-at="2024-08-19T11:11:42 EDT" duration-ms="296" status="PASS">
          <reporter-output>
          </reporter-output>
        </test-method> <!-- tearDown -->
      </class> <!-- testCases.TC002_LoginTest -->
      <class name="testCases.TC001_AccountRegistrationTest">
        <test-method is-config="true" signature="setup(java.lang.String,java.lang.String)[pri:0, instance:testCases.TC001_AccountRegistrationTest@616fe72b]" started-at="2024-08-19T11:11:12 EDT" name="setup" finished-at="2024-08-19T11:11:17 EDT" duration-ms="5323" status="PASS">
          <params>
            <param index="0">
              <value>
                <![CDATA[Windows]]>
              </value>
            </param>
            <param index="1">
              <value>
                <![CDATA[chrome]]>
              </value>
            </param>
          </params>
          <reporter-output>
          </reporter-output>
        </test-method> <!-- setup -->
        <test-method signature="verify_account_registration()[pri:0, instance:testCases.TC001_AccountRegistrationTest@616fe72b]" started-at="2024-08-19T11:11:17 EDT" name="verify_account_registration" finished-at="2024-08-19T11:11:21 EDT" duration-ms="3866" status="PASS">
          <reporter-output>
          </reporter-output>
        </test-method> <!-- verify_account_registration -->
        <test-method is-config="true" signature="tearDown()[pri:0, instance:testCases.TC001_AccountRegistrationTest@616fe72b]" started-at="2024-08-19T11:11:21 EDT" name="tearDown" finished-at="2024-08-19T11:11:22 EDT" duration-ms="331" status="PASS">
          <reporter-output>
          </reporter-output>
        </test-method> <!-- tearDown -->
      </class> <!-- testCases.TC001_AccountRegistrationTest -->
    </test> <!-- Test -->
  </suite> <!-- Master -->
</testng-results>
