<?xml version="1.0" encoding="UTF-8"?>
<!-- Generated by org.testng.reporters.JUnitXMLReporter -->
<testsuite ignored="0" hostname="manosikannan" failures="0" tests="3" name="Test" time="18.262" errors="0" timestamp="2024-08-18T19:02:37 EDT">
  <testcase classname="testCases.TC001_AccountRegistrationTest" name="verify_account_registration" time="2.18"/>
  <testcase classname="testCases.TC002_LoginTest" name="verify_login" time="1.566"/>
  <testcase classname="testCases.TC002_LoginTest" name="verify_login" time="5.752"/>
</testsuite> <!-- Test -->
