<?xml version="1.0" encoding="UTF-8"?>
<!-- Generated by org.testng.reporters.JUnitXMLReporter -->
<testsuite ignored="0" hostname="manosikannan" failures="0" tests="3" name="Test" time="30.275" errors="0" timestamp="2024-08-19T11:11:43 EDT">
  <testcase classname="testCases.TC001_AccountRegistrationTest" name="verify_account_registration" time="3.866"/>
  <testcase classname="testCases.TC002_LoginTest" name="verify_login" time="6.777"/>
  <testcase classname="testCases.TC002_LoginTest" name="verify_login" time="7.041"/>
</testsuite> <!-- Test -->
